[debug] [2020-07-17T09:34:21.078Z] ----------------------------------------------------------------------
[debug] [2020-07-17T09:34:21.080Z] Command:       C:\Program Files\nodejs\node.exe C:\Users\גיא\AppData\Roaming\npm\node_modules\firebase-tools\lib\bin\firebase.js init
[debug] [2020-07-17T09:34:21.081Z] CLI Version:   8.6.0
[debug] [2020-07-17T09:34:21.081Z] Platform:      win32
[debug] [2020-07-17T09:34:21.081Z] Node Version:  v14.4.0
[debug] [2020-07-17T09:34:21.082Z] Time:          Fri Jul 17 2020 12:34:21 GMT+0300 (Israel Daylight Time)
[debug] [2020-07-17T09:34:21.082Z] ----------------------------------------------------------------------
[debug] [2020-07-17T09:34:21.082Z] 
[debug] [2020-07-17T09:34:21.089Z] > command requires scopes: ["email","openid","https://www.googleapis.com/auth/cloudplatformprojects.readonly","https://www.googleapis.com/auth/firebase","https://www.googleapis.com/auth/cloud-platform"]
[debug] [2020-07-17T09:34:21.090Z] > authorizing via signed-in user
[info] 
     ######## #### ########  ######## ########     ###     ######  ########
     ##        ##  ##     ## ##       ##     ##  ##   ##  ##       ##
     ######    ##  ########  ######   ########  #########  ######  ######
     ##        ##  ##    ##  ##       ##     ## ##     ##       ## ##
     ##       #### ##     ## ######## ########  ##     ##  ######  ########

You're about to initialize a Firebase project in this directory:

  C:\Users\גיא\Desktop\New folder (2)\shopping-tracking-list

Before we get started, keep in mind:

  * You are initializing in an existing Firebase project directory

